 Container redis Running 
 Container icecast Running 
 Container self_extension Recreate 
 Container liquidsoap Recreate 
 Container api Recreate 
 Container weather Running 
 Container api Recreated 
 Container capability_manager Recreate 
 Container self_extension Recreated 
 Container liquidsoap Recreated 
 Container generator Recreate 
 Container capability_manager Recreated 
 Container tool_registry Recreate 
 Container generator Recreated 
 Container tool_registry Recreated 
 Container planner Recreate 
 Container planner Recreated 
 Container scheduler Recreate 
 Container scheduler Recreated 
 Container worker Running 
 Container liquidsoap Starting 
 Container api Starting 
 Container proxy Starting 
 Container self_extension Starting 
 Container proxy Started 
 Container api Started 
 Container capability_manager Starting 
 Container liquidsoap Started 
 Container generator Starting 
 Container self_extension Started 
 Container emma Starting 
 Container emma Started 
 Container capability_manager Started 
 Container tool_registry Starting 
 Container generator Started 
 Container tool_registry Started 
 Container planner Starting 
 Container planner Started 
 Container scheduler Starting 
 Container scheduler Started 
 Container icecast Running 
 Container redis Running 
 Container liquidsoap Running 
 Container weather Running 
 Container capability_manager Running 
 Container tool_registry Running 
 Container planner Running 
 Container worker Running 
 Container api Starting 
 Container proxy Starting 
 Container self_extension Starting 
 Container generator Starting 
 Container proxy Started 
 Container self_extension Started 
 Container emma Starting 
 Container emma Started 
 Container api Started 
 Container scheduler Starting 
 Container generator Started 
 Container scheduler Started 
 Container liquidsoap Running 
 Container weather Running 
 Container icecast Running 
 Container redis Running 
 Container capability_manager Running 
 Container tool_registry Running 
 Container planner Running 
 Container worker Running 
 Container api Starting 
 Container proxy Starting 
 Container self_extension Starting 
 Container generator Starting 
 Container proxy Started 
 Container api Started 
 Container scheduler Starting 
 Container self_extension Started 
 Container emma Starting 
 Container emma Started 
 Container generator Started 
 Container scheduler Started 
 Container redis Running 
 Container icecast Running 
 Container weather Running 
 Container liquidsoap Running 
 Container capability_manager Running 
 Container tool_registry Running 
 Container planner Running 
 Container worker Running 
 Container api Starting 
 Container self_extension Starting 
 Container proxy Starting 
 Container generator Starting 
 Container proxy Started 
 Container api Started 
 Container scheduler Starting 
 Container generator Started 
 Container self_extension Started 
 Container emma Starting 
 Container emma Started 
 Container scheduler Started 
 Container redis Running 
 Container weather Running 
 Container icecast Running 
 Container liquidsoap Running 
 Container capability_manager Running 
 Container tool_registry Running 
 Container planner Running 
 Container worker Running 
 Container proxy Starting 
 Container api Starting 
 Container self_extension Starting 
 Container generator Starting 
 Container proxy Started 
 Container self_extension Started 
 Container emma Starting 
 Container api Started 
 Container scheduler Starting 
 Container emma Started 
 Container generator Started 
 Container scheduler Started 
 Container liquidsoap Running 
 Container redis Running 
 Container icecast Running 
 Container weather Running 
 Container capability_manager Running 
 Container emma Running 
 Container tool_registry Running 
 Container planner Running 
 Container worker Running 
 Container api Starting 
 Container proxy Starting 
 Container self_extension Starting 
 Container generator Starting 
 Container proxy Started 
 Container api Started 
 Container scheduler Starting 
 Container self_extension Started 
 Container generator Started 
 Container scheduler Started 
 Container weather Running 
 Container icecast Running 
 Container redis Running 
 Container capability_manager Running 
 Container liquidsoap Running 
 Container tool_registry Running 
 Container emma Running 
 Container planner Running 
 Container worker Running 
 Container self_extension Starting 
 Container proxy Starting 
 Container generator Starting 
 Container api Starting 
 Container proxy Started 
 Container api Started 
 Container scheduler Starting 
 Container self_extension Started 
 Container generator Started 
 Container scheduler Started 
 Container icecast Running 
 Container redis Running 
 Container liquidsoap Running 
 Container weather Running 
 Container capability_manager Running 
 Container emma Running 
 Container tool_registry Running 
 Container planner Running 
 Container worker Running 
 Container api Starting 
 Container proxy Starting 
 Container self_extension Starting 
 Container generator Starting 
 Container proxy Started 
 Container api Started 
 Container scheduler Starting 
 Container self_extension Started 
 Container generator Started 
 Container scheduler Started 
 Container redis Running 
 Container liquidsoap Running 
 Container icecast Running 
 Container weather Running 
 Container capability_manager Running 
 Container emma Running 
 Container tool_registry Running 
 Container planner Running 
 Container worker Running 
 Container api Starting 
 Container self_extension Starting 
 Container proxy Starting 
 Container generator Starting 
 Container proxy Started 
 Container api Started 
 Container scheduler Starting 
 Container self_extension Started 
 Container generator Started 
 Container scheduler Started 
 Container icecast Running 
 Container liquidsoap Running 
 Container weather Running 
 Container redis Running 
 Container capability_manager Running 
 Container tool_registry Running 
 Container planner Running 
 Container self_extension Recreate 
 Container worker Running 
 Container self_extension Recreated 
 Container emma Running 
 Container proxy Starting 
 Container api Starting 
 Container self_extension Starting 
 Container generator Starting 
 Container proxy Started 
 Container self_extension Started 
 Container api Started 
 Container scheduler Starting 
 Container generator Started 
 Container scheduler Started 
 Container redis Running 
 Container icecast Running 
 Container capability_manager Running 
 Container liquidsoap Running 
 Container weather Running 
 Container emma Running 
 Container tool_registry Running 
 Container planner Running 
 Container worker Running 
 Container api Starting 
 Container proxy Starting 
 Container generator Starting 
 Container self_extension Starting 
 Container proxy Started 
 Container self_extension Started 
 Container api Started 
 Container scheduler Starting 
 Container generator Started 
 Container scheduler Started 
 Container liquidsoap Running 
 Container redis Running 
 Container icecast Running 
 Container capability_manager Running 
 Container weather Running 
 Container self_extension Running 
 Container tool_registry Running 
 Container emma Running 
 Container planner Running 
 Container worker Running 
 Container proxy Starting 
 Container api Starting 
 Container generator Starting 
 Container proxy Started 
 Container api Started 
 Container scheduler Starting 
 Container generator Started 
 Container scheduler Started 
 Container icecast Running 
 Container liquidsoap Running 
 Container weather Running 
 Container proxy Running 
 Container redis Running 
 Container capability_manager Running 
 Container self_extension Running 
 Container tool_registry Running 
 Container emma Running 
 Container planner Running 
 Container worker Running 
 Container api Starting 
 Container generator Starting 
 Container api Started 
 Container scheduler Starting 
 Container generator Started 
 Container scheduler Started 
 Container proxy Running 
 Container redis Running 
 Container weather Running 
 Container capability_manager Running 
 Container icecast Running 
 Container liquidsoap Running 
 Container self_extension Running 
 Container tool_registry Running 
 Container emma Running 
 Container planner Running 
 Container worker Running 
 Container api Starting 
 Container generator Starting 
 Container generator Started 
 Container api Started 
 Container scheduler Starting 
 Container scheduler Started 
 Container redis Running 
 Container weather Running 
 Container self_extension Running 
 Container liquidsoap Running 
 Container icecast Running 
 Container capability_manager Running 
 Container proxy Running 
 Container emma Running 
 Container tool_registry Running 
 Container planner Running 
 Container worker Running 
 Container api Starting 
 Container generator Starting 
 Container generator Started 
 Container api Started 
 Container scheduler Starting 
 Container scheduler Started 
 Container redis Running 
 Container icecast Running 
 Container liquidsoap Running 
 Container self_extension Running 
 Container proxy Running 
 Container capability_manager Running 
 Container weather Running 
 Container emma Running 
 Container tool_registry Running 
 Container planner Running 
 Container worker Running 
 Container api Starting 
 Container generator Starting 
 Container api Started 
 Container scheduler Starting 
 Container generator Started 
 Container scheduler Started 
