[?2026h[?25l[1Gpulling manifest ⠋ [K[?25h[?2026l[?2026h[?25l[1Gpulling manifest ⠙ [K[?25h[?2026l[?2026h[?25l[1Gpulling manifest ⠹ [K[?25h[?2026l[?2026h[?25l[1Gpulling manifest ⠸ [K[?25h[?2026l[?2026h[?25l[1Gpulling manifest ⠼ [K[?25h[?2026l[?2026h[?25l[1Gpulling manifest ⠴ [K[?25h[?2026l[?2026h[?25l[1Gpulling manifest ⠦ [K[?25h[?2026l[?2026h[?25l[1Gpulling manifest [K
pulling 6a0746a1ec1a: 100% ▕██████████████████▏ 4.7 GB                         [K
pulling 4fa551d4f938: 100% ▕██████████████████▏  12 KB                         [K
pulling 8ab4849b038c: 100% ▕██████████████████▏  254 B                         [K
pulling 577073ffcc6c: 100% ▕██████████████████▏  110 B                         [K
pulling 3f8eb4da87fa: 100% ▕██████████████████▏  485 B                         [K
verifying sha256 digest [K
writing manifest [K
success [K[?25h[?2026l
[?2026h[?25l[1Gpulling manifest ⠋ [K[?25h[?2026l[?2026h[?25l[1Gpulling manifest ⠙ [K[?25h[?2026l[?2026h[?25l[1Gpulling manifest ⠹ [K[?25h[?2026l[?2026h[?25l[1Gpulling manifest ⠸ [K[?25h[?2026l[?2026h[?25l[1Gpulling manifest ⠼ [K[?25h[?2026l[?2026h[?25l[1Gpulling manifest [K
pulling 6a0746a1ec1a: 100% ▕██████████████████▏ 4.7 GB                         [K
pulling 4fa551d4f938: 100% ▕██████████████████▏  12 KB                         [K
pulling 8ab4849b038c: 100% ▕██████████████████▏  254 B                         [K
pulling 577073ffcc6c: 100% ▕██████████████████▏  110 B                         [K
pulling 3f8eb4da87fa: 100% ▕██████████████████▏  485 B                         [K
verifying sha256 digest [K
writing manifest [K
success [K[?25h[?2026l
[?2026h[?25l[1Gpulling manifest ⠋ [K[?25h[?2026l[?2026h[?25l[1Gpulling manifest ⠙ [K[?25h[?2026l[?2026h[?25l[1Gpulling manifest ⠹ [K[?25h[?2026l[?2026h[?25l[1Gpulling manifest ⠸ [K[?25h[?2026l[?2026h[?25l[1Gpulling manifest ⠼ [K[?25h[?2026l[?2026h[?25l[1Gpulling manifest [K
pulling 6a0746a1ec1a: 100% ▕██████████████████▏ 4.7 GB                         [K
pulling 4fa551d4f938: 100% ▕██████████████████▏  12 KB                         [K
pulling 8ab4849b038c: 100% ▕██████████████████▏  254 B                         [K
pulling 577073ffcc6c: 100% ▕██████████████████▏  110 B                         [K
pulling 3f8eb4da87fa: 100% ▕██████████████████▏  485 B                         [K
verifying sha256 digest [K
writing manifest [K
success [K[?25h[?2026l
[?2026h[?25l[1Gpulling manifest ⠋ [K[?25h[?2026l[?2026h[?25l[1Gpulling manifest ⠙ [K[?25h[?2026l[?2026h[?25l[1Gpulling manifest ⠹ [K[?25h[?2026l[?2026h[?25l[1Gpulling manifest ⠸ [K[?25h[?2026l[?2026h[?25l[1Gpulling manifest [K
pulling 6a0746a1ec1a: 100% ▕██████████████████▏ 4.7 GB                         [K
pulling 4fa551d4f938: 100% ▕██████████████████▏  12 KB                         [K
pulling 8ab4849b038c: 100% ▕██████████████████▏  254 B                         [K
pulling 577073ffcc6c: 100% ▕██████████████████▏  110 B                         [K[?25h[?2026l[?2026h[?25l[A[A[A[A[1Gpulling manifest [K
pulling 6a0746a1ec1a: 100% ▕██████████████████▏ 4.7 GB                         [K
pulling 4fa551d4f938: 100% ▕██████████████████▏  12 KB                         [K
pulling 8ab4849b038c: 100% ▕██████████████████▏  254 B                         [K
pulling 577073ffcc6c: 100% ▕██████████████████▏  110 B                         [K
pulling 3f8eb4da87fa: 100% ▕██████████████████▏  485 B                         [K
verifying sha256 digest [K
writing manifest [K
success [K[?25h[?2026l
[?2026h[?25l[1Gpulling manifest ⠋ [K[?25h[?2026l[?2026h[?25l[1Gpulling manifest ⠙ [K[?25h[?2026l[?2026h[?25l[1Gpulling manifest ⠹ [K[?25h[?2026l[?2026h[?25l[1Gpulling manifest ⠸ [K[?25h[?2026l[?2026h[?25l[1Gpulling manifest [K
pulling 6a0746a1ec1a: 100% ▕██████████████████▏ 4.7 GB                         [K
pulling 4fa551d4f938: 100% ▕██████████████████▏  12 KB                         [K
pulling 8ab4849b038c: 100% ▕██████████████████▏  254 B                         [K
pulling 577073ffcc6c: 100% ▕██████████████████▏  110 B                         [K
pulling 3f8eb4da87fa: 100% ▕██████████████████▏  485 B                         [K
verifying sha256 digest [K
writing manifest [K
success [K[?25h[?2026l
[?2026h[?25l[1Gpulling manifest ⠋ [K[?25h[?2026l[?2026h[?25l[1Gpulling manifest ⠙ [K[?25h[?2026l[?2026h[?25l[1Gpulling manifest ⠹ [K[?25h[?2026l[?2026h[?25l[1Gpulling manifest ⠸ [K[?25h[?2026l[?2026h[?25l[1Gpulling manifest ⠼ [K[?25h[?2026l[?2026h[?25l[1Gpulling manifest ⠴ [K[?25h[?2026l[?2026h[?25l[1Gpulling manifest [K
pulling 6a0746a1ec1a: 100% ▕██████████████████▏ 4.7 GB                         [K
pulling 4fa551d4f938: 100% ▕██████████████████▏  12 KB                         [K
pulling 8ab4849b038c: 100% ▕██████████████████▏  254 B                         [K
pulling 577073ffcc6c: 100% ▕██████████████████▏  110 B                         [K
pulling 3f8eb4da87fa: 100% ▕██████████████████▏  485 B                         [K
verifying sha256 digest [K
writing manifest [K
success [K[?25h[?2026l
[?2026h[?25l[1Gpulling manifest ⠋ [K[?25h[?2026l[?2026h[?25l[1Gpulling manifest ⠙ [K[?25h[?2026l[?2026h[?25l[1Gpulling manifest ⠹ [K[?25h[?2026l[?2026h[?25l[1Gpulling manifest ⠸ [K[?25h[?2026l[?2026h[?25l[1Gpulling manifest ⠼ [K[?25h[?2026l[?2026h[?25l[1Gpulling manifest [K
pulling 6a0746a1ec1a: 100% ▕██████████████████▏ 4.7 GB                         [K
pulling 4fa551d4f938: 100% ▕██████████████████▏  12 KB                         [K
pulling 8ab4849b038c: 100% ▕██████████████████▏  254 B                         [K
pulling 577073ffcc6c: 100% ▕██████████████████▏  110 B                         [K
pulling 3f8eb4da87fa: 100% ▕██████████████████▏  485 B                         [K
verifying sha256 digest [K
writing manifest [K
success [K[?25h[?2026l
[?2026h[?25l[1Gpulling manifest ⠋ [K[?25h[?2026l[?2026h[?25l[1Gpulling manifest ⠙ [K[?25h[?2026l[?2026h[?25l[1Gpulling manifest ⠹ [K[?25h[?2026l[?2026h[?25l[1Gpulling manifest ⠸ [K[?25h[?2026l[?2026h[?25l[1Gpulling manifest ⠼ [K[?25h[?2026l[?2026h[?25l[1Gpulling manifest [K
pulling 6a0746a1ec1a: 100% ▕██████████████████▏ 4.7 GB                         [K
pulling 4fa551d4f938: 100% ▕██████████████████▏  12 KB                         [K
pulling 8ab4849b038c: 100% ▕██████████████████▏  254 B                         [K
pulling 577073ffcc6c: 100% ▕██████████████████▏  110 B                         [K
pulling 3f8eb4da87fa: 100% ▕██████████████████▏  485 B                         [K
verifying sha256 digest [K
writing manifest [K
success [K[?25h[?2026l
[?2026h[?25l[1Gpulling manifest ⠋ [K[?25h[?2026l[?2026h[?25l[1Gpulling manifest ⠙ [K[?25h[?2026l[?2026h[?25l[1Gpulling manifest ⠹ [K[?25h[?2026l[?2026h[?25l[1Gpulling manifest ⠸ [K[?25h[?2026l[?2026h[?25l[1Gpulling manifest ⠼ [K[?25h[?2026l[?2026h[?25l[1Gpulling manifest ⠴ [K[?25h[?2026l[?2026h[?25l[1Gpulling manifest [K
pulling 6a0746a1ec1a: 100% ▕██████████████████▏ 4.7 GB                         [K
pulling 4fa551d4f938: 100% ▕██████████████████▏  12 KB                         [K
pulling 8ab4849b038c: 100% ▕██████████████████▏  254 B                         [K
pulling 577073ffcc6c: 100% ▕██████████████████▏  110 B                         [K
pulling 3f8eb4da87fa: 100% ▕██████████████████▏  485 B                         [K
verifying sha256 digest [K
writing manifest [K
success [K[?25h[?2026l
[?2026h[?25l[1Gpulling manifest ⠋ [K[?25h[?2026l[?2026h[?25l[1Gpulling manifest ⠙ [K[?25h[?2026l[?2026h[?25l[1Gpulling manifest ⠹ [K[?25h[?2026l[?2026h[?25l[1Gpulling manifest ⠸ [K[?25h[?2026l[?2026h[?25l[1Gpulling manifest ⠼ [K[?25h[?2026l[?2026h[?25l[1Gpulling manifest [K
pulling 6a0746a1ec1a: 100% ▕██████████████████▏ 4.7 GB                         [K
pulling 4fa551d4f938: 100% ▕██████████████████▏  12 KB                         [K
pulling 8ab4849b038c: 100% ▕██████████████████▏  254 B                         [K
pulling 577073ffcc6c: 100% ▕██████████████████▏  110 B                         [K
pulling 3f8eb4da87fa: 100% ▕██████████████████▏  485 B                         [K
verifying sha256 digest [K
writing manifest [K
success [K[?25h[?2026l
[?2026h[?25l[1Gpulling manifest ⠋ [K[?25h[?2026l[?2026h[?25l[1Gpulling manifest ⠙ [K[?25h[?2026l[?2026h[?25l[1Gpulling manifest ⠹ [K[?25h[?2026l[?2026h[?25l[1Gpulling manifest ⠸ [K[?25h[?2026l[?2026h[?25l[1Gpulling manifest [K
pulling 6a0746a1ec1a: 100% ▕██████████████████▏ 4.7 GB                         [K
pulling 4fa551d4f938: 100% ▕██████████████████▏  12 KB                         [K
pulling 8ab4849b038c: 100% ▕██████████████████▏  254 B                         [K
pulling 577073ffcc6c: 100% ▕██████████████████▏  110 B                         [K
pulling 3f8eb4da87fa: 100% ▕██████████████████▏  485 B                         [K
verifying sha256 digest [K
writing manifest [K
success [K[?25h[?2026l
[?2026h[?25l[1Gpulling manifest ⠋ [K[?25h[?2026l[?2026h[?25l[1Gpulling manifest ⠙ [K[?25h[?2026l[?2026h[?25l[1Gpulling manifest ⠹ [K[?25h[?2026l[?2026h[?25l[1Gpulling manifest ⠸ [K[?25h[?2026l[?2026h[?25l[1Gpulling manifest ⠼ [K[?25h[?2026l[?2026h[?25l[1Gpulling manifest [K
pulling 6a0746a1ec1a: 100% ▕██████████████████▏ 4.7 GB                         [K
pulling 4fa551d4f938: 100% ▕██████████████████▏  12 KB                         [K
pulling 8ab4849b038c: 100% ▕██████████████████▏  254 B                         [K
pulling 577073ffcc6c: 100% ▕██████████████████▏  110 B                         [K
pulling 3f8eb4da87fa: 100% ▕██████████████████▏  485 B                         [K
verifying sha256 digest [K
writing manifest [K
success [K[?25h[?2026l
[?2026h[?25l[1Gpulling manifest ⠋ [K[?25h[?2026l[?2026h[?25l[1Gpulling manifest ⠙ [K[?25h[?2026l[?2026h[?25l[1Gpulling manifest ⠹ [K[?25h[?2026l[?2026h[?25l[1Gpulling manifest ⠸ [K[?25h[?2026l[?2026h[?25l[1Gpulling manifest [K
pulling 6a0746a1ec1a: 100% ▕██████████████████▏ 4.7 GB                         [K
pulling 4fa551d4f938: 100% ▕██████████████████▏  12 KB                         [K
pulling 8ab4849b038c: 100% ▕██████████████████▏  254 B                         [K
pulling 577073ffcc6c: 100% ▕██████████████████▏  110 B                         [K
pulling 3f8eb4da87fa: 100% ▕██████████████████▏  485 B                         [K
verifying sha256 digest [K
writing manifest [K
success [K[?25h[?2026l
[?2026h[?25l[1Gpulling manifest ⠋ [K[?25h[?2026l[?2026h[?25l[1Gpulling manifest ⠙ [K[?25h[?2026l[?2026h[?25l[1Gpulling manifest ⠹ [K[?25h[?2026l[?2026h[?25l[1Gpulling manifest ⠸ [K[?25h[?2026l[?2026h[?25l[1Gpulling manifest [K
pulling 6a0746a1ec1a: 100% ▕██████████████████▏ 4.7 GB                         [K
pulling 4fa551d4f938: 100% ▕██████████████████▏  12 KB                         [K
pulling 8ab4849b038c: 100% ▕██████████████████▏  254 B                         [K
pulling 577073ffcc6c: 100% ▕██████████████████▏  110 B                         [K
pulling 3f8eb4da87fa: 100% ▕██████████████████▏  485 B                         [K
verifying sha256 digest [K
writing manifest [K
success [K[?25h[?2026l
[?2026h[?25l[1Gpulling manifest ⠋ [K[?25h[?2026l[?2026h[?25l[1Gpulling manifest ⠙ [K[?25h[?2026l[?2026h[?25l[1Gpulling manifest ⠹ [K[?25h[?2026l[?2026h[?25l[1Gpulling manifest ⠸ [K[?25h[?2026l[?2026h[?25l[1Gpulling manifest ⠼ [K[?25h[?2026l[?2026h[?25l[1Gpulling manifest [K
pulling 6a0746a1ec1a: 100% ▕██████████████████▏ 4.7 GB                         [K
pulling 4fa551d4f938: 100% ▕██████████████████▏  12 KB                         [K
pulling 8ab4849b038c: 100% ▕██████████████████▏  254 B                         [K
pulling 577073ffcc6c: 100% ▕██████████████████▏  110 B                         [K
pulling 3f8eb4da87fa: 100% ▕██████████████████▏  485 B                         [K
verifying sha256 digest [K
writing manifest [K
success [K[?25h[?2026l
[?2026h[?25l[1Gpulling manifest ⠋ [K[?25h[?2026l[?2026h[?25l[1Gpulling manifest ⠙ [K[?25h[?2026l[?2026h[?25l[1Gpulling manifest ⠹ [K[?25h[?2026l[?2026h[?25l[1Gpulling manifest ⠸ [K[?25h[?2026l[?2026h[?25l[1Gpulling manifest ⠼ [K[?25h[?2026l[?2026h[?25l[1Gpulling manifest [K
pulling 6a0746a1ec1a: 100% ▕██████████████████▏ 4.7 GB                         [K
pulling 4fa551d4f938: 100% ▕██████████████████▏  12 KB                         [K
pulling 8ab4849b038c: 100% ▕██████████████████▏  254 B                         [K
pulling 577073ffcc6c: 100% ▕██████████████████▏  110 B                         [K
pulling 3f8eb4da87fa: 100% ▕██████████████████▏  485 B                         [K
verifying sha256 digest [K
writing manifest [K
success [K[?25h[?2026l
